<?xml version="1.0" encoding="UTF-8"?>
<!-- Generated by org.testng.reporters.JUnitXMLReporter -->
<testsuite ignored="0" hostname="LIFELINE-ISN" failures="0" tests="3" name="Default test" time="22.181" errors="0" timestamp="2022-05-01T16:12:12 IST">
  <testcase classname="testcases.AppLuanchTest" name="launchChrome" time="6.977"/>
  <testcase classname="testcases.AppLuanchTest" name="validateSearch" time="6.501"/>
  <testcase classname="testcases.AppLuanchTest" name="ValidateCart" time="8.398"/>
</testsuite> <!-- Default test -->
