<?xml version="1.0" encoding="UTF-8"?>
<testng-results ignored="0" total="3" passed="3" failed="0" skipped="0">
  <reporter-output>
  </reporter-output>
  <suite started-at="2022-05-01T16:11:49 IST" name="Default suite" finished-at="2022-05-01T16:12:12 IST" duration-ms="22181">
    <groups>
    </groups>
    <test started-at="2022-05-01T16:11:49 IST" name="Default test" finished-at="2022-05-01T16:12:12 IST" duration-ms="22181">
      <class name="testcases.AppLuanchTest">
        <test-method signature="launchChrome()[pri:0, instance:testcases.AppLuanchTest@4d0f2471]" started-at="2022-05-01T16:11:49 IST" name="launchChrome" finished-at="2022-05-01T16:11:56 IST" duration-ms="6977" status="PASS">
          <reporter-output>
          </reporter-output>
        </test-method> <!-- launchChrome -->
        <test-method signature="validateSearch()[pri:1, instance:testcases.AppLuanchTest@4d0f2471]" started-at="2022-05-01T16:11:56 IST" name="validateSearch" finished-at="2022-05-01T16:12:03 IST" duration-ms="6501" status="PASS">
          <reporter-output>
          </reporter-output>
        </test-method> <!-- validateSearch -->
        <test-method signature="ValidateCart()[pri:2, instance:testcases.AppLuanchTest@4d0f2471]" started-at="2022-05-01T16:12:03 IST" name="ValidateCart" finished-at="2022-05-01T16:12:11 IST" duration-ms="8398" status="PASS">
          <reporter-output>
          </reporter-output>
        </test-method> <!-- ValidateCart -->
        <test-method is-config="true" signature="CleanUpDriver()[pri:0, instance:testcases.AppLuanchTest@4d0f2471]" started-at="2022-05-01T16:12:11 IST" name="CleanUpDriver" finished-at="2022-05-01T16:12:12 IST" duration-ms="266" status="PASS">
          <reporter-output>
          </reporter-output>
        </test-method> <!-- CleanUpDriver -->
      </class> <!-- testcases.AppLuanchTest -->
    </test> <!-- Default test -->
  </suite> <!-- Default suite -->
</testng-results>
